<?xml version="1.0" encoding="UTF-8"?>
<!-- Generated by org.testng.reporters.JUnitReportReporter -->
<testsuite name="com.webservice.LoginAPITest" tests="1" time="3.215" ignored="0" failures="0" timestamp="09 Jul 2017 07:48:52 GMT" skipped="0" hostname="ajay-PC" errors="0">
  <testcase name="loginAPITest" time="3.215" classname="com.webservice.LoginAPITest"/>
</testsuite> <!-- com.webservice.LoginAPITest -->
