<?xml version="1.0" encoding="UTF-8"?>
<!-- Generated by org.testng.reporters.JUnitReportReporter -->
<testsuite name="com.webservice.GetAllProducts" tests="1" time="1.991" ignored="0" failures="0" timestamp="10 Jul 2017 07:42:44 GMT" skipped="0" hostname="ajay-PC" errors="0">
  <testcase name="getAllProductsTest" time="1.991" classname="com.webservice.GetAllProducts"/>
</testsuite> <!-- com.webservice.GetAllProducts -->
